Jun 19, 2024 7:53:25 PM com.sun.javafx.application.PlatformImpl startup
WARNING: Unsupported JavaFX configuration: classes were loaded from 'unnamed module @5a5447e3'
Exception in thread "JavaFX Application Thread" scala.MatchError: ChooseColor (of class uno.util.Event$$anon$1)
	at uno.views.GUI.update(GUI.scala:69)
	at uno.util.Observable.notifyObservers$$anonfun$1(Observer.scala:10)
	at scala.runtime.function.JProcedure1.apply(JProcedure1.java:15)
	at scala.runtime.function.JProcedure1.apply(JProcedure1.java:10)
	at scala.collection.immutable.Vector.foreach(Vector.scala:2124)
	at uno.util.Observable.notifyObservers(Observer.scala:10)
	at uno.util.Observable.notifyObservers$(Observer.scala:6)
	at uno.controller.GameController.notifyObservers(GameController.scala:10)
	at uno.controller.GameController.playCard(GameController.scala:57)
	at uno.views.TUI.handleGameMenuInput(TUI.scala:132)
	at uno.views.TUI.gameLoop(TUI.scala:112)
	at uno.views.TUI.update$$anonfun$1(TUI.scala:28)
	at com.sun.javafx.application.PlatformImpl.lambda$runLater$10(PlatformImpl.java:456)
	at java.base/java.security.AccessController.doPrivileged(AccessController.java:400)
	at com.sun.javafx.application.PlatformImpl.lambda$runLater$11(PlatformImpl.java:455)
	at com.sun.glass.ui.InvokeLaterDispatcher$Future.run(InvokeLaterDispatcher.java:95)
	at com.sun.glass.ui.gtk.GtkApplication._runLoop(Native Method)
	at com.sun.glass.ui.gtk.GtkApplication.lambda$runLoop$10(GtkApplication.java:264)
	at java.base/java.lang.Thread.run(Thread.java:1583)
Exception in thread "JavaFX Application Thread" scala.MatchError: Draw (of class uno.util.Event$$anon$1)
	at uno.views.GUI.update(GUI.scala:69)
	at uno.util.Observable.notifyObservers$$anonfun$1(Observer.scala:10)
	at scala.runtime.function.JProcedure1.apply(JProcedure1.java:15)
	at scala.runtime.function.JProcedure1.apply(JProcedure1.java:10)
	at scala.collection.immutable.Vector.foreach(Vector.scala:2124)
	at uno.util.Observable.notifyObservers(Observer.scala:10)
	at uno.util.Observable.notifyObservers$(Observer.scala:6)
	at uno.controller.GameController.notifyObservers(GameController.scala:10)
	at uno.controller.GameController.drawCard(GameController.scala:85)
	at uno.views.TUI.handleGameMenuInput(TUI.scala:142)
	at uno.views.TUI.gameLoop(TUI.scala:112)
	at uno.views.TUI.update$$anonfun$1(TUI.scala:28)
	at com.sun.javafx.application.PlatformImpl.lambda$runLater$10(PlatformImpl.java:456)
	at java.base/java.security.AccessController.doPrivileged(AccessController.java:400)
	at com.sun.javafx.application.PlatformImpl.lambda$runLater$11(PlatformImpl.java:455)
	at com.sun.glass.ui.InvokeLaterDispatcher$Future.run(InvokeLaterDispatcher.java:95)
	at com.sun.glass.ui.gtk.GtkApplication._runLoop(Native Method)
	at com.sun.glass.ui.gtk.GtkApplication.lambda$runLoop$10(GtkApplication.java:264)
	at java.base/java.lang.Thread.run(Thread.java:1583)
